2026-04-01 12:42:28 - Action: deactivate - ID: 9 - User: 1
DEACTIVATE SUCCESS: ID 9
2026-04-01 12:42:31 - Action: approve - ID: 9 - User: 1
APPROVE SUCCESS: ID 9
2026-04-01 12:43:55 - Action: delete - ID: 9 - User: 1
DELETE SUCCESS: ID 9
2026-04-01 12:45:14 - Action: approve - ID: 1 - User: 1
APPROVE SUCCESS: ID 1
2026-04-01 13:16:23 - Action: approve - ID: 10 - User: 1
APPROVE SUCCESS: ID 10
2026-04-01 19:25:23 - Action: deactivate - ID: 1 - User: 1
DEACTIVATE SUCCESS: ID 1
2026-04-01 19:25:26 - Action: approve - ID: 1 - User: 1
APPROVE SUCCESS: ID 1
2026-04-01 19:30:16 - Action: approve - ID: 7 - User: 1
APPROVE SUCCESS: ID 7
2026-04-01 19:36:54 - Action: delete - ID: 7 - User: 1
DELETE SUCCESS: ID 7
2026-04-01 19:37:02 - Action: deactivate - ID: 2 - User: 1
DEACTIVATE SUCCESS: ID 2
2026-04-01 19:37:21 - Action: approve - ID: 2 - User: 1
APPROVE SUCCESS: ID 2
